[2020-05-26 21:13:44.019] [exthost] [info] extension host started
[2020-05-26 21:13:44.036] [exthost] [info] ExtensionService#_doActivateExtension vscode.debug-auto-launch {"startup":true,"extensionId":{"value":"vscode.debug-auto-launch","_lower":"vscode.debug-auto-launch"},"activationEvent":"*"}
[2020-05-26 21:13:44.036] [exthost] [info] ExtensionService#loadCommonJSModule file:///usr/share/code/resources/app/extensions/debug-auto-launch/dist/extension
[2020-05-26 21:13:44.197] [exthost] [info] ExtensionService#_doActivateExtension vscode.emmet {"startup":true,"extensionId":{"value":"vscode.emmet","_lower":"vscode.emmet"},"activationEvent":"*"}
[2020-05-26 21:13:44.197] [exthost] [info] ExtensionService#loadCommonJSModule file:///usr/share/code/resources/app/extensions/emmet/dist/extension
[2020-05-26 21:13:44.354] [exthost] [info] ExtensionService#_doActivateExtension vscode.git {"startup":true,"extensionId":{"value":"vscode.git","_lower":"vscode.git"},"activationEvent":"*"}
[2020-05-26 21:13:44.354] [exthost] [info] ExtensionService#loadCommonJSModule file:///usr/share/code/resources/app/extensions/git/dist/main
[2020-05-26 21:13:44.576] [exthost] [info] ExtensionService#_doActivateExtension vscode.github-authentication {"startup":true,"extensionId":{"value":"vscode.github-authentication","_lower":"vscode.github-authentication"},"activationEvent":"*"}
[2020-05-26 21:13:44.576] [exthost] [info] ExtensionService#loadCommonJSModule file:///usr/share/code/resources/app/extensions/github-authentication/dist/extension.js
[2020-05-26 21:13:44.656] [exthost] [info] ExtensionService#_doActivateExtension vscode.merge-conflict {"startup":true,"extensionId":{"value":"vscode.merge-conflict","_lower":"vscode.merge-conflict"},"activationEvent":"*"}
[2020-05-26 21:13:44.656] [exthost] [info] ExtensionService#loadCommonJSModule file:///usr/share/code/resources/app/extensions/merge-conflict/dist/extension
[2020-05-26 21:13:44.691] [exthost] [info] ExtensionService#_doActivateExtension vscode.search-result {"startup":true,"extensionId":{"value":"vscode.search-result","_lower":"vscode.search-result"},"activationEvent":"*"}
[2020-05-26 21:13:44.691] [exthost] [info] ExtensionService#loadCommonJSModule file:///usr/share/code/resources/app/extensions/search-result/dist/extension.js
[2020-05-26 21:13:44.743] [exthost] [info] ExtensionService#_doActivateExtension vscode.vscode-account {"startup":true,"extensionId":{"value":"vscode.vscode-account","_lower":"vscode.vscode-account"},"activationEvent":"*"}
[2020-05-26 21:13:44.743] [exthost] [info] ExtensionService#loadCommonJSModule file:///usr/share/code/resources/app/extensions/vscode-account/dist/extension.js
[2020-05-26 21:13:44.789] [exthost] [info] eager extensions activated
[2020-05-26 21:14:52.226] [exthost] [info] extension host started
[2020-05-26 21:14:52.326] [exthost] [info] ExtensionService#_doActivateExtension vscode.debug-auto-launch {"startup":true,"extensionId":{"value":"vscode.debug-auto-launch","_lower":"vscode.debug-auto-launch"},"activationEvent":"*"}
[2020-05-26 21:14:52.332] [exthost] [info] ExtensionService#loadCommonJSModule file:///usr/share/code/resources/app/extensions/debug-auto-launch/dist/extension
[2020-05-26 21:14:52.336] [exthost] [info] ExtensionService#_doActivateExtension vscode.emmet {"startup":true,"extensionId":{"value":"vscode.emmet","_lower":"vscode.emmet"},"activationEvent":"*"}
[2020-05-26 21:14:52.336] [exthost] [info] ExtensionService#loadCommonJSModule file:///usr/share/code/resources/app/extensions/emmet/dist/extension
[2020-05-26 21:14:52.349] [exthost] [info] ExtensionService#_doActivateExtension vscode.git {"startup":true,"extensionId":{"value":"vscode.git","_lower":"vscode.git"},"activationEvent":"*"}
[2020-05-26 21:14:52.349] [exthost] [info] ExtensionService#loadCommonJSModule file:///usr/share/code/resources/app/extensions/git/dist/main
[2020-05-26 21:14:52.368] [exthost] [info] ExtensionService#_doActivateExtension vscode.github-authentication {"startup":true,"extensionId":{"value":"vscode.github-authentication","_lower":"vscode.github-authentication"},"activationEvent":"*"}
[2020-05-26 21:14:52.368] [exthost] [info] ExtensionService#loadCommonJSModule file:///usr/share/code/resources/app/extensions/github-authentication/dist/extension.js
[2020-05-26 21:14:52.372] [exthost] [info] ExtensionService#_doActivateExtension vscode.merge-conflict {"startup":true,"extensionId":{"value":"vscode.merge-conflict","_lower":"vscode.merge-conflict"},"activationEvent":"*"}
[2020-05-26 21:14:52.372] [exthost] [info] ExtensionService#loadCommonJSModule file:///usr/share/code/resources/app/extensions/merge-conflict/dist/extension
[2020-05-26 21:14:52.374] [exthost] [info] ExtensionService#_doActivateExtension vscode.search-result {"startup":true,"extensionId":{"value":"vscode.search-result","_lower":"vscode.search-result"},"activationEvent":"*"}
[2020-05-26 21:14:52.374] [exthost] [info] ExtensionService#loadCommonJSModule file:///usr/share/code/resources/app/extensions/search-result/dist/extension.js
[2020-05-26 21:14:52.375] [exthost] [info] ExtensionService#_doActivateExtension vscode.vscode-account {"startup":true,"extensionId":{"value":"vscode.vscode-account","_lower":"vscode.vscode-account"},"activationEvent":"*"}
[2020-05-26 21:14:52.375] [exthost] [info] ExtensionService#loadCommonJSModule file:///usr/share/code/resources/app/extensions/vscode-account/dist/extension.js
[2020-05-26 21:14:52.381] [exthost] [info] ExtensionService#_doActivateExtension vscode.npm {"startup":true,"extensionId":{"value":"vscode.npm","_lower":"vscode.npm"},"activationEvent":"workspaceContains:package.json"}
[2020-05-26 21:14:52.381] [exthost] [info] ExtensionService#loadCommonJSModule file:///usr/share/code/resources/app/extensions/npm/dist/main
[2020-05-26 21:14:53.389] [exthost] [info] eager extensions activated
[2020-05-26 21:15:15.984] [exthost] [info] ExtensionService#_doActivateExtension vscode.typescript-language-features {"startup":false,"extensionId":{"value":"vscode.typescript-language-features","_lower":"vscode.typescript-language-features"},"activationEvent":"onLanguage:javascript"}
[2020-05-26 21:15:15.985] [exthost] [info] ExtensionService#loadCommonJSModule file:///usr/share/code/resources/app/extensions/typescript-language-features/dist/extension
[2020-05-26 21:15:16.050] [exthost] [info] ExtensionService#_doActivateExtension VisualStudioExptTeam.vscodeintellicode {"startup":false,"extensionId":{"value":"VisualStudioExptTeam.vscodeintellicode","_lower":"visualstudioexptteam.vscodeintellicode"},"activationEvent":"onLanguage:javascript"}
[2020-05-26 21:15:16.050] [exthost] [info] ExtensionService#loadCommonJSModule file:///home/sebastian/.vscode/extensions/visualstudioexptteam.vscodeintellicode-1.2.7/dist/intellicode
[2020-05-26 21:15:16.987] [exthost] [info] ExtensionService#_doActivateExtension vscode.configuration-editing {"startup":false,"extensionId":{"value":"vscode.configuration-editing","_lower":"vscode.configuration-editing"},"activationEvent":"onLanguage:jsonc"}
[2020-05-26 21:15:16.987] [exthost] [info] ExtensionService#loadCommonJSModule file:///usr/share/code/resources/app/extensions/configuration-editing/dist/extension
[2020-05-26 21:15:17.109] [exthost] [info] ExtensionService#_doActivateExtension vscode.json-language-features {"startup":false,"extensionId":{"value":"vscode.json-language-features","_lower":"vscode.json-language-features"},"activationEvent":"onLanguage:jsonc"}
[2020-05-26 21:15:17.110] [exthost] [info] ExtensionService#loadCommonJSModule file:///usr/share/code/resources/app/extensions/json-language-features/client/dist/jsonMain
[2020-05-26 21:17:17.326] [exthost] [info] [vscode.typescript-language-features] UNSAVE result from 'resolveCompletionItem', extension SHOULD NOT change any of: additionalTextEdits, or command
[2020-05-26 21:17:35.575] [exthost] [info] ExtensionService#_doActivateExtension vscode.extension-editing {"startup":false,"extensionId":{"value":"vscode.extension-editing","_lower":"vscode.extension-editing"},"activationEvent":"onLanguage:typescript"}
[2020-05-26 21:17:35.575] [exthost] [info] ExtensionService#loadCommonJSModule file:///usr/share/code/resources/app/extensions/extension-editing/dist/extension
[2020-05-26 21:24:10.332] [exthost] [info] ExtensionService#_doActivateExtension vscode.css-language-features {"startup":false,"extensionId":{"value":"vscode.css-language-features","_lower":"vscode.css-language-features"},"activationEvent":"onLanguage:css"}
[2020-05-26 21:24:10.332] [exthost] [info] ExtensionService#loadCommonJSModule file:///usr/share/code/resources/app/extensions/css-language-features/client/dist/cssMain
[2020-05-27 21:13:30.260] [exthost] [error] [vscode.typescript-language-features] provider FAILED
[2020-05-27 21:13:30.263] [exthost] [error] Error: DisposableStore is missing...
	at U._convertCompletionItem (/usr/share/code/resources/app/out/vs/workbench/services/extensions/node/extensionHostProcess.js:677:574)
	at U.resolveCompletionItem (/usr/share/code/resources/app/out/vs/workbench/services/extensions/node/extensionHostProcess.js:677:354)
	at runMicrotasks (<anonymous>)
	at processTicksAndRejections (internal/process/task_queues.js:85:5)
[2020-05-28 21:05:56.371] [exthost] [error] [vscode.typescript-language-features] provider FAILED
[2020-05-28 21:05:56.374] [exthost] [error] Error: <semantic> TypeScript Server Error (3.8.3)
Cannot read property 'length' of undefined
TypeError: Cannot read property 'length' of undefined
    at Object.find (/usr/share/code/resources/app/extensions/node_modules/typescript/lib/tsserver.js:267:35)
    at getAdjustedLocationForClass (/usr/share/code/resources/app/extensions/node_modules/typescript/lib/tsserver.js:105936:38)
    at getAdjustedLocationForDeclaration (/usr/share/code/resources/app/extensions/node_modules/typescript/lib/tsserver.js:105970:28)
    at getAdjustedLocation (/usr/share/code/resources/app/extensions/node_modules/typescript/lib/tsserver.js:106072:28)
    at getAdjustedReferenceLocation (/usr/share/code/resources/app/extensions/node_modules/typescript/lib/tsserver.js:106243:16)
    at Object.getMeaningFromLocation (/usr/share/code/resources/app/extensions/node_modules/typescript/lib/tsserver.js:105318:16)
    at Object.getSymbolDisplayPartsDocumentationAndSymbolKind (/usr/share/code/resources/app/extensions/node_modules/typescript/lib/tsserver.js:119793:68)
    at /usr/share/code/resources/app/extensions/node_modules/typescript/lib/tsserver.js:135395:41
    at Object.runWithCancellationToken (/usr/share/code/resources/app/extensions/node_modules/typescript/lib/tsserver.js:34552:28)
    at Proxy.getQuickInfoAtPosition (/usr/share/code/resources/app/extensions/node_modules/typescript/lib/tsserver.js:135394:34)
    at IOSession.Session.getQuickInfoWorker (/usr/share/code/resources/app/extensions/node_modules/typescript/lib/tsserver.js:145332:62)
    at Session.handlers.ts.createMapFromTemplate._a.<computed> (/usr/share/code/resources/app/extensions/node_modules/typescript/lib/tsserver.js:144335:61)
    at /usr/share/code/resources/app/extensions/node_modules/typescript/lib/tsserver.js:146003:88
    at IOSession.Session.executeWithRequestId (/usr/share/code/resources/app/extensions/node_modules/typescript/lib/tsserver.js:145994:28)
    at IOSession.Session.executeCommand (/usr/share/code/resources/app/extensions/node_modules/typescript/lib/tsserver.js:146003:33)
    at IOSession.Session.onMessage (/usr/share/code/resources/app/extensions/node_modules/typescript/lib/tsserver.js:146027:35)
    at Interface.<anonymous> (/usr/share/code/resources/app/extensions/node_modules/typescript/lib/tsserver.js:147342:27)
    at Interface.emit (events.js:203:13)
    at Interface._onLine (readline.js:316:10)
    at Interface._normalWrite (readline.js:461:12)
    at Socket.ondata (readline.js:172:10)
    at Socket.emit (events.js:203:13)
    at addChunk (_stream_readable.js:295:12)
    at readableAddChunk (_stream_readable.js:276:11)
    at Socket.Readable.push (_stream_readable.js:210:10)
    at Pipe.onStreamRead (internal/stream_base_commons.js:166:17)
	at Function.create (/usr/share/code/resources/app/extensions/typescript-language-features/dist/extension.js:1:52449)
	at e.dispatchResponse (/usr/share/code/resources/app/extensions/typescript-language-features/dist/extension.js:1:222369)
	at e.dispatchMessage (/usr/share/code/resources/app/extensions/typescript-language-features/dist/extension.js:1:221287)
	at /usr/share/code/resources/app/extensions/typescript-language-features/dist/extension.js:1:220763
	at e.fire (/usr/share/code/resources/app/out/vs/workbench/services/extensions/node/extensionHostProcess.js:46:67)
	at t.Reader.onLengthData (/usr/share/code/resources/app/extensions/typescript-language-features/dist/extension.js:1:229425)
	at Socket.<anonymous> (/usr/share/code/resources/app/extensions/typescript-language-features/dist/extension.js:1:229073)
	at Socket.emit (events.js:203:13)
	at addChunk (_stream_readable.js:295:12)
	at readableAddChunk (_stream_readable.js:276:11)
	at Socket.Readable.push (_stream_readable.js:210:10)
	at Pipe.onStreamRead (internal/stream_base_commons.js:166:17)
