[2020-05-26 21:15:47.357] [renderer1] [error] Error: [File Watcher (chokidar)] Inotify limit reached (ENOSPC)
[2020-05-26 21:15:47.367] [renderer1] [error] [File Watcher (chokidar)] Inotify limit reached (ENOSPC)
[2020-05-28 21:05:56.376] [renderer1] [error] <semantic> TypeScript Server Error (3.8.3)
Cannot read property 'length' of undefined
TypeError: Cannot read property 'length' of undefined
    at Object.find (/usr/share/code/resources/app/extensions/node_modules/typescript/lib/tsserver.js:267:35)
    at getAdjustedLocationForClass (/usr/share/code/resources/app/extensions/node_modules/typescript/lib/tsserver.js:105936:38)
    at getAdjustedLocationForDeclaration (/usr/share/code/resources/app/extensions/node_modules/typescript/lib/tsserver.js:105970:28)
    at getAdjustedLocation (/usr/share/code/resources/app/extensions/node_modules/typescript/lib/tsserver.js:106072:28)
    at getAdjustedReferenceLocation (/usr/share/code/resources/app/extensions/node_modules/typescript/lib/tsserver.js:106243:16)
    at Object.getMeaningFromLocation (/usr/share/code/resources/app/extensions/node_modules/typescript/lib/tsserver.js:105318:16)
    at Object.getSymbolDisplayPartsDocumentationAndSymbolKind (/usr/share/code/resources/app/extensions/node_modules/typescript/lib/tsserver.js:119793:68)
    at /usr/share/code/resources/app/extensions/node_modules/typescript/lib/tsserver.js:135395:41
    at Object.runWithCancellationToken (/usr/share/code/resources/app/extensions/node_modules/typescript/lib/tsserver.js:34552:28)
    at Proxy.getQuickInfoAtPosition (/usr/share/code/resources/app/extensions/node_modules/typescript/lib/tsserver.js:135394:34)
    at IOSession.Session.getQuickInfoWorker (/usr/share/code/resources/app/extensions/node_modules/typescript/lib/tsserver.js:145332:62)
    at Session.handlers.ts.createMapFromTemplate._a.<computed> (/usr/share/code/resources/app/extensions/node_modules/typescript/lib/tsserver.js:144335:61)
    at /usr/share/code/resources/app/extensions/node_modules/typescript/lib/tsserver.js:146003:88
    at IOSession.Session.executeWithRequestId (/usr/share/code/resources/app/extensions/node_modules/typescript/lib/tsserver.js:145994:28)
    at IOSession.Session.executeCommand (/usr/share/code/resources/app/extensions/node_modules/typescript/lib/tsserver.js:146003:33)
    at IOSession.Session.onMessage (/usr/share/code/resources/app/extensions/node_modules/typescript/lib/tsserver.js:146027:35)
    at Interface.<anonymous> (/usr/share/code/resources/app/extensions/node_modules/typescript/lib/tsserver.js:147342:27)
    at Interface.emit (events.js:203:13)
    at Interface._onLine (readline.js:316:10)
    at Interface._normalWrite (readline.js:461:12)
    at Socket.ondata (readline.js:172:10)
    at Socket.emit (events.js:203:13)
    at addChunk (_stream_readable.js:295:12)
    at readableAddChunk (_stream_readable.js:276:11)
    at Socket.Readable.push (_stream_readable.js:210:10)
    at Pipe.onStreamRead (internal/stream_base_commons.js:166:17): Error: <semantic> TypeScript Server Error (3.8.3)
Cannot read property 'length' of undefined
TypeError: Cannot read property 'length' of undefined
    at Object.find (/usr/share/code/resources/app/extensions/node_modules/typescript/lib/tsserver.js:267:35)
    at getAdjustedLocationForClass (/usr/share/code/resources/app/extensions/node_modules/typescript/lib/tsserver.js:105936:38)
    at getAdjustedLocationForDeclaration (/usr/share/code/resources/app/extensions/node_modules/typescript/lib/tsserver.js:105970:28)
    at getAdjustedLocation (/usr/share/code/resources/app/extensions/node_modules/typescript/lib/tsserver.js:106072:28)
    at getAdjustedReferenceLocation (/usr/share/code/resources/app/extensions/node_modules/typescript/lib/tsserver.js:106243:16)
    at Object.getMeaningFromLocation (/usr/share/code/resources/app/extensions/node_modules/typescript/lib/tsserver.js:105318:16)
    at Object.getSymbolDisplayPartsDocumentationAndSymbolKind (/usr/share/code/resources/app/extensions/node_modules/typescript/lib/tsserver.js:119793:68)
    at /usr/share/code/resources/app/extensions/node_modules/typescript/lib/tsserver.js:135395:41
    at Object.runWithCancellationToken (/usr/share/code/resources/app/extensions/node_modules/typescript/lib/tsserver.js:34552:28)
    at Proxy.getQuickInfoAtPosition (/usr/share/code/resources/app/extensions/node_modules/typescript/lib/tsserver.js:135394:34)
    at IOSession.Session.getQuickInfoWorker (/usr/share/code/resources/app/extensions/node_modules/typescript/lib/tsserver.js:145332:62)
    at Session.handlers.ts.createMapFromTemplate._a.<computed> (/usr/share/code/resources/app/extensions/node_modules/typescript/lib/tsserver.js:144335:61)
    at /usr/share/code/resources/app/extensions/node_modules/typescript/lib/tsserver.js:146003:88
    at IOSession.Session.executeWithRequestId (/usr/share/code/resources/app/extensions/node_modules/typescript/lib/tsserver.js:145994:28)
    at IOSession.Session.executeCommand (/usr/share/code/resources/app/extensions/node_modules/typescript/lib/tsserver.js:146003:33)
    at IOSession.Session.onMessage (/usr/share/code/resources/app/extensions/node_modules/typescript/lib/tsserver.js:146027:35)
    at Interface.<anonymous> (/usr/share/code/resources/app/extensions/node_modules/typescript/lib/tsserver.js:147342:27)
    at Interface.emit (events.js:203:13)
    at Interface._onLine (readline.js:316:10)
    at Interface._normalWrite (readline.js:461:12)
    at Socket.ondata (readline.js:172:10)
    at Socket.emit (events.js:203:13)
    at addChunk (_stream_readable.js:295:12)
    at readableAddChunk (_stream_readable.js:276:11)
    at Socket.Readable.push (_stream_readable.js:210:10)
    at Pipe.onStreamRead (internal/stream_base_commons.js:166:17)
	at Function.create (/usr/share/code/resources/app/extensions/typescript-language-features/dist/extension.js:1:52449)
	at e.dispatchResponse (/usr/share/code/resources/app/extensions/typescript-language-features/dist/extension.js:1:222369)
	at e.dispatchMessage (/usr/share/code/resources/app/extensions/typescript-language-features/dist/extension.js:1:221287)
	at /usr/share/code/resources/app/extensions/typescript-language-features/dist/extension.js:1:220763
	at e.fire (/usr/share/code/resources/app/out/vs/workbench/services/extensions/node/extensionHostProcess.js:46:67)
	at t.Reader.onLengthData (/usr/share/code/resources/app/extensions/typescript-language-features/dist/extension.js:1:229425)
	at Socket.<anonymous> (/usr/share/code/resources/app/extensions/typescript-language-features/dist/extension.js:1:229073)
	at Socket.emit (events.js:203:13)
	at addChunk (_stream_readable.js:295:12)
	at readableAddChunk (_stream_readable.js:276:11)
	at Socket.Readable.push (_stream_readable.js:210:10)
	at Pipe.onStreamRead (internal/stream_base_commons.js:166:17)
